app/build/intermediates/manifest_merge_blame_file/debug/manifest-merger-blame-debug-report.txt
1<?xml version="1.0" encoding="utf-8"?>
2<manifest xmlns:android="http://schemas.android.com/apk/res/android"
3    package="es.umu.soccerreport"
4    android:versionCode="1"
5    android:versionName="1.0" >
6
7    <uses-sdk
8        android:minSdkVersion="21"
8-->src\main\AndroidManifest.xml
9        android:targetSdkVersion="29" />
9-->src\main\AndroidManifest.xml
10
11    <uses-permission android:name="android.permission.WRITE_EXTERNAL_STORAGE" />
11-->src\main\AndroidManifest.xml:7:5-80
11-->src\main\AndroidManifest.xml:7:22-78
12
13    <application
13-->src\main\AndroidManifest.xml:8:5-33:19
14        android:allowBackup="true"
14-->src\main\AndroidManifest.xml:9:9-35
15        android:appComponentFactory="androidx.core.app.CoreComponentFactory"
15-->[androidx.core:core:1.1.0] AndroidManifest.xml:24:18-86
16        android:configChanges="keyboardHidden|orientation|screenSize"
16-->src\main\AndroidManifest.xml:12:9-70
17        android:debuggable="true"
18        android:icon="@drawable/ic_launcher"
18-->src\main\AndroidManifest.xml:10:9-45
19        android:label="@string/app_name"
19-->src\main\AndroidManifest.xml:11:9-41
20        android:testOnly="true"
21        android:theme="@style/AppTheme" >
21-->src\main\AndroidManifest.xml:13:9-40
22        <activity
22-->src\main\AndroidManifest.xml:14:9-23:20
23            android:name="es.umu.soccerreport.PrincipalActivity"
23-->src\main\AndroidManifest.xml:15:13-65
24            android:label="@string/app_name" >
24-->src\main\AndroidManifest.xml:16:13-45
25
26            <!--
27            Para hacer que el teclado no se muestre cada vez que se inicia la actividad
28            android:windowSoftInputMode="stateHidden"   Poner en los atributos de la activity
29            -->
30            <intent-filter>
30-->src\main\AndroidManifest.xml:19:13-22:29
31                <action android:name="android.intent.action.MAIN" />
31-->src\main\AndroidManifest.xml:20:17-69
31-->src\main\AndroidManifest.xml:20:25-66
32
33                <category android:name="android.intent.category.LAUNCHER" />
33-->src\main\AndroidManifest.xml:21:17-77
33-->src\main\AndroidManifest.xml:21:27-74
34            </intent-filter>
35        </activity>
36        <activity
36-->src\main\AndroidManifest.xml:24:9-32:20
37            android:name="es.umu.soccerreport.IncidenciaActivity"
37-->src\main\AndroidManifest.xml:24:19-52
38            android:configChanges="keyboardHidden|orientation|screenSize"
38-->src\main\AndroidManifest.xml:27:16-77
39            android:label="Pantalla Incidencias"
39-->src\main\AndroidManifest.xml:25:16-52
40            android:windowSoftInputMode="stateHidden" >
40-->src\main\AndroidManifest.xml:26:19-60
41            <intent-filter>
41-->src\main\AndroidManifest.xml:28:13-31:29
42                <action android:name="android.intent.action.VIEW" />
42-->src\main\AndroidManifest.xml:29:17-68
42-->src\main\AndroidManifest.xml:29:25-66
43
44                <category android:name="android.intent.category.DEFAULT" />
44-->src\main\AndroidManifest.xml:30:17-75
44-->src\main\AndroidManifest.xml:30:27-73
45            </intent-filter>
46        </activity>
47    </application>
48
49</manifest>